<?xml version="1.0" encoding="UTF-8"?>
<!-- Generated by org.testng.reporters.JUnitReportReporter -->
<testsuite hostname="DESKTOP-39IR2MT" name="com.tyss.jenkinspractice.DemoTest1" tests="1" failures="0" timestamp="21 Dec 2022 04:43:48 GMT" time="0.047" errors="0">
  <testcase name="test1" time="0.047" classname="com.tyss.jenkinspractice.DemoTest1"/>
</testsuite> <!-- com.tyss.jenkinspractice.DemoTest1 -->
